<?xml version="1.0" encoding="UTF-8"?>
<testsuite name="com.alpdurmaz.MyTest" tests="1" skipped="0" failures="0" errors="0" timestamp="2019-04-08T06:28:59" hostname="Alp-MacBook-Air.local" time="0.246">
  <properties/>
  <testcase name="name" classname="com.alpdurmaz.MyTest" time="0.246"/>
  <system-out><![CDATA[]]></system-out>
  <system-err><![CDATA[]]></system-err>
</testsuite>
